<?xml version="1.0" encoding="UTF-8"?>
<testng-results skipped="0" failed="1" ignored="0" total="3" passed="2">
  <reporter-output>
  </reporter-output>
  <suite name="Suite" duration-ms="60450" started-at="2021-03-31T06:40:24Z" finished-at="2021-03-31T06:41:24Z">
    <groups>
    </groups>
    <test name="Test" duration-ms="60450" started-at="2021-03-31T06:40:24Z" finished-at="2021-03-31T06:41:24Z">
      <class name="testCases.Test_script_test1">
        <test-method status="PASS" signature="initialize()[pri:0, instance:testCases.Test_script_test1@1a75e76a]" name="initialize" is-config="true" duration-ms="37152" started-at="2021-03-31T06:40:24Z" finished-at="2021-03-31T06:41:01Z">
          <reporter-output>
          </reporter-output>
        </test-method> <!-- initialize -->
        <test-method status="PASS" signature="Login(java.lang.String, java.lang.String)[pri:0, instance:testCases.Test_script_test1@1a75e76a]" name="Login" duration-ms="5429" started-at="2021-03-31T06:41:01Z" data-provider="credentials" finished-at="2021-03-31T06:41:06Z">
          <params>
            <param index="0">
              <value>
                <![CDATA[kumarshubham2994@gmail.com]]>
              </value>
            </param>
            <param index="1">
              <value>
                <![CDATA[Shubham@4u]]>
              </value>
            </param>
          </params>
          <reporter-output>
          </reporter-output>
        </test-method> <!-- Login -->
        <test-method status="PASS" signature="teardown()[pri:0, instance:testCases.Test_script_test1@1a75e76a]" name="teardown" is-config="true" duration-ms="327" started-at="2021-03-31T06:41:06Z" finished-at="2021-03-31T06:41:07Z">
          <reporter-output>
          </reporter-output>
        </test-method> <!-- teardown -->
        <test-method status="PASS" signature="initialize()[pri:0, instance:testCases.Test_script_test1@1a75e76a]" name="initialize" is-config="true" duration-ms="12983" started-at="2021-03-31T06:41:07Z" finished-at="2021-03-31T06:41:20Z">
          <reporter-output>
          </reporter-output>
        </test-method> <!-- initialize -->
        <test-method status="PASS" signature="Login(java.lang.String, java.lang.String)[pri:0, instance:testCases.Test_script_test1@1a75e76a]" name="Login" duration-ms="3976" started-at="2021-03-31T06:41:20Z" data-provider="credentials" finished-at="2021-03-31T06:41:24Z">
          <params>
            <param index="0">
              <value>
                <![CDATA[kumarshubham143@gmail.com]]>
              </value>
            </param>
            <param index="1">
              <value>
                <![CDATA[Loveisevol@4u]]>
              </value>
            </param>
          </params>
          <reporter-output>
          </reporter-output>
        </test-method> <!-- Login -->
        <test-method status="PASS" signature="teardown()[pri:0, instance:testCases.Test_script_test1@1a75e76a]" name="teardown" is-config="true" duration-ms="556" started-at="2021-03-31T06:41:24Z" finished-at="2021-03-31T06:41:24Z">
          <reporter-output>
          </reporter-output>
        </test-method> <!-- teardown -->
      </class> <!-- testCases.Test_script_test1 -->
      <class name="testCases.Test_script_Test2">
        <test-method status="PASS" signature="initialize()[pri:0, instance:testCases.Test_script_Test2@5524cca1]" name="initialize" is-config="true" duration-ms="36195" started-at="2021-03-31T06:40:24Z" finished-at="2021-03-31T06:41:00Z">
          <reporter-output>
          </reporter-output>
        </test-method> <!-- initialize -->
        <test-method status="FAIL" signature="validateElements()[pri:0, instance:testCases.Test_script_Test2@5524cca1]" name="validateElements" duration-ms="2441" started-at="2021-03-31T06:41:00Z" finished-at="2021-03-31T06:41:02Z">
          <exception class="java.lang.AssertionError">
            <message>
              <![CDATA[expected [info@qaclickacademy.coms] but found [info@qaclickacademy.com]]]>
            </message>
            <full-stacktrace>
              <![CDATA[java.lang.AssertionError: expected [info@qaclickacademy.coms] but found [info@qaclickacademy.com]
at org.testng.Assert.fail(Assert.java:96)
at org.testng.Assert.failNotEquals(Assert.java:776)
at org.testng.Assert.assertEqualsImpl(Assert.java:137)
at org.testng.Assert.assertEquals(Assert.java:118)
at org.testng.Assert.assertEquals(Assert.java:453)
at org.testng.Assert.assertEquals(Assert.java:463)
at testCases.Test_script_Test2.validateElements(Test_script_Test2.java:36)
at sun.reflect.NativeMethodAccessorImpl.invoke0(Native Method)
at sun.reflect.NativeMethodAccessorImpl.invoke(NativeMethodAccessorImpl.java:62)
at sun.reflect.DelegatingMethodAccessorImpl.invoke(DelegatingMethodAccessorImpl.java:43)
at java.lang.reflect.Method.invoke(Method.java:498)
at org.testng.internal.MethodInvocationHelper.invokeMethod(MethodInvocationHelper.java:124)
at org.testng.internal.Invoker.invokeMethod(Invoker.java:583)
at org.testng.internal.Invoker.invokeTestMethod(Invoker.java:719)
at org.testng.internal.Invoker.invokeTestMethods(Invoker.java:989)
at org.testng.internal.TestMethodWorker.invokeTestMethods(TestMethodWorker.java:125)
at org.testng.internal.TestMethodWorker.run(TestMethodWorker.java:109)
at java.util.concurrent.ThreadPoolExecutor.runWorker(ThreadPoolExecutor.java:1149)
at java.util.concurrent.ThreadPoolExecutor$Worker.run(ThreadPoolExecutor.java:624)
at java.lang.Thread.run(Thread.java:748)
]]>
            </full-stacktrace>
          </exception> <!-- java.lang.AssertionError -->
          <reporter-output>
          </reporter-output>
        </test-method> <!-- validateElements -->
        <test-method status="PASS" signature="teardown()[pri:0, instance:testCases.Test_script_Test2@5524cca1]" name="teardown" is-config="true" duration-ms="1310" started-at="2021-03-31T06:41:04Z" finished-at="2021-03-31T06:41:05Z">
          <reporter-output>
          </reporter-output>
        </test-method> <!-- teardown -->
      </class> <!-- testCases.Test_script_Test2 -->
    </test> <!-- Test -->
  </suite> <!-- Suite -->
  <suite name="Suite (0)" duration-ms="43066" started-at="2021-03-31T06:41:25Z" finished-at="2021-03-31T06:42:08Z">
    <groups>
      <group name="cucumber">
        <method signature="AbstractTestNGCucumberTests.feature(cucumber.api.testng.CucumberFeatureWrapper)[pri:0, instance:cucumberOptions.TestRunner@6c4906d3]" name="feature" class="cucumber.api.testng.AbstractTestNGCucumberTests"/>
      </group> <!-- cucumber -->
    </groups>
    <test name="Test" duration-ms="43066" started-at="2021-03-31T06:41:25Z" finished-at="2021-03-31T06:42:08Z">
      <class name="cucumberOptions.TestRunner">
        <test-method status="PASS" signature="setUpClass()[pri:0, instance:cucumberOptions.TestRunner@6c4906d3]" name="setUpClass" is-config="true" duration-ms="601" started-at="2021-03-31T06:41:25Z" finished-at="2021-03-31T06:41:26Z">
          <reporter-output>
          </reporter-output>
        </test-method> <!-- setUpClass -->
        <test-method status="PASS" signature="tearDownClass()[pri:0, instance:cucumberOptions.TestRunner@6c4906d3]" name="tearDownClass" is-config="true" duration-ms="6" started-at="2021-03-31T06:42:08Z" finished-at="2021-03-31T06:42:08Z">
          <reporter-output>
          </reporter-output>
        </test-method> <!-- tearDownClass -->
      </class> <!-- cucumberOptions.TestRunner -->
    </test> <!-- Test -->
  </suite> <!-- Suite (0) -->
</testng-results>
